#
# There is insufficient memory for the Java Runtime Environment to continue.
# Native memory allocation (mmap) failed to map 123731968 bytes for G1 virtual space
# Possible reasons:
#   The system is out of physical RAM or swap space
#   The process is running with CompressedOops enabled, and the Java Heap may be blocking the growth of the native heap
# Possible solutions:
#   Reduce memory load on the system
#   Increase physical memory or swap space
#   Check if swap backing store is full
#   Decrease Java heap size (-Xmx/-Xms)
#   Decrease number of Java threads
#   Decrease Java thread stack sizes (-Xss)
#   Set larger code cache with -XX:ReservedCodeCacheSize=
#   JVM is running with Unscaled Compressed Oops mode in which the Java heap is
#     placed in the first 4GB address space. The Java Heap base address is the
#     maximum limit for the native heap growth. Please use -XX:HeapBaseMinAddress
#     to set the Java Heap base and to place the Java Heap above 4GB virtual address.
# This output file may be truncated or incomplete.
#
#  Out of Memory Error (os_windows.cpp:3469), pid=21256, tid=27312
#
# JRE version:  (17.0+35) (build )
# Java VM: Java HotSpot(TM) 64-Bit Server VM (17+35-LTS-2724, mixed mode, sharing, tiered, compressed oops, compressed class ptrs, g1 gc, windows-amd64)
# No core dump will be written. Minidumps are not enabled by default on client versions of Windows
#

---------------  S U M M A R Y ------------

Command Line: -Dfile.encoding=Cp1252 -XX:+ShowCodeDetailsInExceptionMessages controller.AplMain

Host: AMD Ryzen 3 4300U with Radeon Graphics         , 4 cores, 7G,  Windows 10 , 64 bit Build 22468 (10.0.22468.1000)
Time: Sun Oct  3 22:02:50 2021 Hora est. Pacífico, Sudamérica elapsed time: 0.015809 seconds (0d 0h 0m 0s)

---------------  T H R E A D  ---------------

Current thread (0x000001ed72e639a0):  JavaThread "Unknown thread" [_thread_in_vm, id=27312, stack(0x0000005720100000,0x0000005720200000)]

Stack: [0x0000005720100000,0x0000005720200000]
Native frames: (J=compiled Java code, j=interpreted, Vv=VM code, C=native code)
V  [jvm.dll+0x66f8ea]
V  [jvm.dll+0x7ce224]
V  [jvm.dll+0x7cf9ce]
V  [jvm.dll+0x7d0033]
V  [jvm.dll+0x242bb5]
V  [jvm.dll+0x66c909]
V  [jvm.dll+0x6613d2]
V  [jvm.dll+0x30082b]
V  [jvm.dll+0x307db6]
V  [jvm.dll+0x357a0e]
V  [jvm.dll+0x357c3f]
V  [jvm.dll+0x2d7ae8]
V  [jvm.dll+0x2d8a54]
V  [jvm.dll+0x7a00a1]
V  [jvm.dll+0x365781]
V  [jvm.dll+0x77f59c]
V  [jvm.dll+0x3e805f]
V  [jvm.dll+0x3e9b01]
C  [jli.dll+0x527b]
C  [ucrtbase.dll+0x293cc]
C  [KERNEL32.DLL+0x16ab0]
C  [ntdll.dll+0x5c44b]


---------------  P R O C E S S  ---------------

Threads class SMR info:
_java_thread_list=0x00007ffd04387818, length=0, elements={
}

Java Threads: ( => current thread )

Other Threads:
  0x000001ed72e9df10 GCTaskThread "GC Thread#0" [stack: 0x0000005720200000,0x0000005720300000] [id=28176]
  0x000001ed72eada10 ConcurrentGCThread "G1 Main Marker" [stack: 0x0000005720300000,0x0000005720400000] [id=30560]
  0x000001ed72eaed10 ConcurrentGCThread "G1 Conc#0" [stack: 0x0000005720400000,0x0000005720500000] [id=17648]

[error occurred during error reporting (printing all threads), id 0xc0000005, EXCEPTION_ACCESS_VIOLATION (0xc0000005) at pc=0x00007ffd03bd84c7]

VM state: not at safepoint (not fully initialized)

VM Mutex/Monitor currently owned by a thread:  ([mutex/lock_event])
[0x000001ed72e5c0e0] Heap_lock - owner thread: 0x000001ed72e639a0

Heap address: 0x000000008a200000, size: 1886 MB, Compressed Oops mode: 32-bit

CDS archive(s) mapped at: [0x0000000000000000-0x0000000000000000-0x0000000000000000), size 0, SharedBaseAddress: 0x0000000800000000, ArchiveRelocationMode: 0.
Narrow klass base: 0x0000000000000000, Narrow klass shift: 0, Narrow klass range: 0x0

GC Precious Log:
<Empty>

Heap:
 garbage-first heap   total 0K, used 0K [0x000000008a200000, 0x0000000100000000)
  region size 1024K, 0 young (0K), 0 survivors (0K)

[error occurred during error reporting (printing heap information), id 0xc0000005, EXCEPTION_ACCESS_VIOLATION (0xc0000005) at pc=0x00007ffd03fb8c59]

GC Heap History (0 events):
No events

Deoptimization events (0 events):
No events

Classes unloaded (0 events):
No events

Classes redefined (0 events):
No events

Internal exceptions (0 events):
No events

VM Operations (0 events):
No events

Events (1 events):
Event: 0.011 Loaded shared library C:\Program Files\Java\jdk-17\bin\java.dll


Dynamic libraries:
0x00007ff777e20000 - 0x00007ff777e30000 	C:\Program Files\Java\jdk-17\bin\javaw.exe
0x00007ffd6a580000 - 0x00007ffd6a78f000 	C:\WINDOWS\SYSTEM32\ntdll.dll
0x00007ffd68c40000 - 0x00007ffd68cfd000 	C:\WINDOWS\System32\KERNEL32.DLL
0x00007ffd67cf0000 - 0x00007ffd68076000 	C:\WINDOWS\System32\KERNELBASE.dll
0x00007ffd64ed0000 - 0x00007ffd64f62000 	C:\WINDOWS\SYSTEM32\apphelp.dll
0x00007ffd681a0000 - 0x00007ffd682b1000 	C:\WINDOWS\System32\ucrtbase.dll
0x00007ffd3ae60000 - 0x00007ffd3ae78000 	C:\Program Files\Java\jdk-17\bin\jli.dll
0x00007ffd370f0000 - 0x00007ffd3710a000 	C:\Program Files\Java\jdk-17\bin\VCRUNTIME140.dll
0x00007ffd68940000 - 0x00007ffd689ee000 	C:\WINDOWS\System32\ADVAPI32.dll
0x00007ffd69d90000 - 0x00007ffd69e34000 	C:\WINDOWS\System32\msvcrt.dll
0x00007ffd69ad0000 - 0x00007ffd69b6f000 	C:\WINDOWS\System32\sechost.dll
0x00007ffd69830000 - 0x00007ffd69950000 	C:\WINDOWS\System32\RPCRT4.dll
0x00007ffd69be0000 - 0x00007ffd69d8b000 	C:\WINDOWS\System32\USER32.dll
0x00007ffd67bb0000 - 0x00007ffd67bd6000 	C:\WINDOWS\System32\win32u.dll
0x00007ffd68d00000 - 0x00007ffd68d29000 	C:\WINDOWS\System32\GDI32.dll
0x00007ffd51090000 - 0x00007ffd51331000 	C:\WINDOWS\WinSxS\amd64_microsoft.windows.common-controls_6595b64144ccf1df_6.0.22468.1000_none_266f4f372a53a5e7\COMCTL32.dll
0x00007ffd68080000 - 0x00007ffd68197000 	C:\WINDOWS\System32\gdi32full.dll
0x00007ffd67c50000 - 0x00007ffd67ceb000 	C:\WINDOWS\System32\msvcp_win.dll
0x00007ffd5f740000 - 0x00007ffd5f74a000 	C:\WINDOWS\SYSTEM32\VERSION.dll
0x00007ffd69e40000 - 0x00007ffd69e71000 	C:\WINDOWS\System32\IMM32.DLL
0x00007ffd51990000 - 0x00007ffd5199c000 	C:\Program Files\Java\jdk-17\bin\vcruntime140_1.dll
0x00007ffd25180000 - 0x00007ffd2520d000 	C:\Program Files\Java\jdk-17\bin\msvcp140.dll
0x00007ffd038f0000 - 0x00007ffd044ae000 	C:\Program Files\Java\jdk-17\bin\server\jvm.dll
0x00007ffd69e80000 - 0x00007ffd69e88000 	C:\WINDOWS\System32\PSAPI.DLL
0x00007ffd60400000 - 0x00007ffd60433000 	C:\WINDOWS\SYSTEM32\WINMM.dll
0x00007ffd63860000 - 0x00007ffd63869000 	C:\WINDOWS\SYSTEM32\WSOCK32.dll
0x00007ffd696a0000 - 0x00007ffd69711000 	C:\WINDOWS\System32\WS2_32.dll
0x00007ffd66b20000 - 0x00007ffd66b38000 	C:\WINDOWS\SYSTEM32\kernel.appcore.dll
0x00007ffd63850000 - 0x00007ffd6385a000 	C:\Program Files\Java\jdk-17\bin\jimage.dll
0x00007ffd56210000 - 0x00007ffd56437000 	C:\WINDOWS\SYSTEM32\DBGHELP.DLL
0x00007ffd68530000 - 0x00007ffd688ac000 	C:\WINDOWS\System32\combase.dll
0x00007ffd50430000 - 0x00007ffd50461000 	C:\WINDOWS\SYSTEM32\dbgcore.DLL
0x00007ffd682c0000 - 0x00007ffd68341000 	C:\WINDOWS\System32\bcryptPrimitives.dll
0x00007ffd42990000 - 0x00007ffd429b5000 	C:\Program Files\Java\jdk-17\bin\java.dll

dbghelp: loaded successfully - version: 4.0.5 - missing functions: none
symbol engine: initialized successfully - sym options: 0x614 - pdb path: .;C:\Program Files\Java\jdk-17\bin;C:\WINDOWS\SYSTEM32;C:\WINDOWS\WinSxS\amd64_microsoft.windows.common-controls_6595b64144ccf1df_6.0.22468.1000_none_266f4f372a53a5e7;C:\Program Files\Java\jdk-17\bin\server

VM Arguments:
jvm_args: -Dfile.encoding=Cp1252 -XX:+ShowCodeDetailsInExceptionMessages 
java_command: controller.AplMain
java_class_path (initial): C:\Users\juans\Desktop\Universidad\Programaciòn 1\PruebaTecnica\bin
Launcher Type: SUN_STANDARD

[Global flags]
     intx CICompilerCount                          = 3                                         {product} {ergonomic}
     uint ConcGCThreads                            = 1                                         {product} {ergonomic}
     uint G1ConcRefinementThreads                  = 4                                         {product} {ergonomic}
   size_t G1HeapRegionSize                         = 1048576                                   {product} {ergonomic}
    uintx GCDrainStackTargetSize                   = 64                                        {product} {ergonomic}
   size_t InitialHeapSize                          = 123731968                                 {product} {ergonomic}
   size_t MarkStackSize                            = 4194304                                   {product} {ergonomic}
   size_t MaxHeapSize                              = 1977614336                                {product} {ergonomic}
   size_t MinHeapDeltaBytes                        = 1048576                                   {product} {ergonomic}
   size_t MinHeapSize                              = 8388608                                   {product} {ergonomic}
    uintx NonNMethodCodeHeapSize                   = 5832780                                {pd product} {ergonomic}
    uintx NonProfiledCodeHeapSize                  = 122912730                              {pd product} {ergonomic}
    uintx ProfiledCodeHeapSize                     = 122912730                              {pd product} {ergonomic}
    uintx ReservedCodeCacheSize                    = 251658240                              {pd product} {ergonomic}
     bool SegmentedCodeCache                       = true                                      {product} {ergonomic}
     bool ShowCodeDetailsInExceptionMessages       = true                                   {manageable} {command line}
   size_t SoftMaxHeapSize                          = 1977614336                             {manageable} {ergonomic}
     bool UseCompressedClassPointers               = true                           {product lp64_product} {ergonomic}
     bool UseCompressedOops                        = true                           {product lp64_product} {ergonomic}
     bool UseG1GC                                  = true                                      {product} {ergonomic}
     bool UseLargePagesIndividualAllocation        = false                                  {pd product} {ergonomic}

Logging:
Log output configuration:
 #0: stdout all=warning uptime,level,tags
 #1: stderr all=off uptime,level,tags

Environment Variables:
JAVA_HOME=C:\Program Files\Java\jdk-17\bin
PATH=C:/Program Files/Java/jdk-17/bin/server;C:/Program Files/Java/jdk-17/bin;C:\Program Files\Common Files\Oracle\Java\javapath;C:\WINDOWS\system32;C:\WINDOWS;C:\WINDOWS\System32\Wbem;C:\WINDOWS\System32\WindowsPowerShell\v1.0\;C:\WINDOWS\System32\OpenSSH\;C:\Users\juans\AppData\Local\Microsoft\WindowsApps;C:\Program Files\Java\jdk-17;;C:\WINDOWS\system32;
USERNAME=juans
OS=Windows_NT
PROCESSOR_IDENTIFIER=AMD64 Family 23 Model 96 Stepping 1, AuthenticAMD



---------------  S Y S T E M  ---------------

OS:
 Windows 10 , 64 bit Build 22468 (10.0.22468.1000)
OS uptime: 0 days 9:37 hours

CPU: total 4 (initial active 4) (4 cores per cpu, 1 threads per core) family 23 model 96 stepping 1 microcode 0x0, cx8, cmov, fxsr, mmx, 3dnowpref, sse, sse2, sse3, ssse3, sse4a, sse4.1, sse4.2, popcnt, lzcnt, tsc, tscinvbit, avx, avx2, aes, clmul, bmi1, bmi2, adx, sha, fma, vzeroupper, clflush, clflushopt

Memory: 4k page, system-wide physical 7541M (191M free)
TotalPageFile size 31079M (AvailPageFile size 41M)
current process WorkingSet (physical memory assigned to process): 11M, peak: 11M
current process commit charge ("private bytes"): 51M, peak: 169M

vm_info: Java HotSpot(TM) 64-Bit Server VM (17+35-LTS-2724) for windows-amd64 JRE (17+35-LTS-2724), built on Aug  5 2021 23:28:28 by "mach5one" with MS VC++ 16.8 (VS2019)

END.
